<?xml version="1.0" encoding="UTF-8"?>
<!-- Generated by org.testng.reporters.JUnitReportReporter -->
<testsuite hostname="benhuang" name="com.auto.StartWebTest" tests="1" failures="0" timestamp="20 Sep 2016 10:30:20 GMT" time="5.377" errors="0">
  <testcase name="f" time="5.377" classname="com.auto.StartWebTest"/>
</testsuite> <!-- com.auto.StartWebTest -->
