<?xml version="1.0" encoding="UTF-8"?>
<!-- Generated by org.testng.reporters.JUnitReportReporter -->
<testsuite hostname="benhuang" name="com.auto.AppTest" tests="1" failures="0" timestamp="20 Sep 2016 10:30:20 GMT" time="0.001" errors="0">
  <testcase name="testApp" time="0.001" classname="com.auto.AppTest"/>
</testsuite> <!-- com.auto.AppTest -->
